#
# A fatal error has been detected by the Java Runtime Environment:
#
#  EXCEPTION_ACCESS_VIOLATION (0xc0000005) at pc=0x0000000004bb4e2f, pid=9856, tid=0x000000000000319c
#
# JRE version: Java(TM) SE Runtime Environment (8.0_144-b01) (build 1.8.0_144-b01)
# Java VM: Java HotSpot(TM) 64-Bit Server VM (25.144-b01 mixed mode windows-amd64 compressed oops)
# Problematic frame:
# C  [wpcap.dll+0x24e2f]
#
# Failed to write core dump. Minidumps are not enabled by default on client versions of Windows
#
# If you would like to submit a bug report, please visit:
#   http://bugreport.java.com/bugreport/crash.jsp
# The crash happened outside the Java Virtual Machine in native code.
# See problematic frame for where to report the bug.
#

---------------  T H R E A D  ---------------

Current thread (0x0000000004c40800):  JavaThread "main" [_thread_in_native, id=12700, stack(0x0000000004a50000,0x0000000004b50000)]

siginfo: ExceptionCode=0xc0000005, reading address 0x00000000000002c0

Registers:
RAX=0x00000000000002b0, RBX=0x00000000192e7f60, RCX=0x0000000000000000, RDX=0x0000000004b4f520
RSP=0x0000000004b4f490, RBP=0x0000000004b4f590, RSI=0x0000000004b4f520, RDI=0x0000000004b4f530
R8 =0x0000000004b4f530, R9 =0x000000001bba7230, R10=0x0000000000000000, R11=0x0000000000000246
R12=0x0000000000000000, R13=0x00000000192e7f60, R14=0x0000000004b4f5b0, R15=0x0000000004c40800
RIP=0x0000000004bb4e2f, EFLAGS=0x0000000000010206

Top of Stack: (sp=0x0000000004b4f490)
0x0000000004b4f490:   0000000000000025 0000000004b4f4e8
0x0000000004b4f4a0:   0000000004b4f968 0000000004c40800
0x0000000004b4f4b0:   00000000192e7f60 0000000063d9d204
0x0000000004b4f4c0:   00000000192e7f60 0000000004c409f8
0x0000000004b4f4d0:   0000000004c409f8 00000001800011c9
0x0000000004b4f4e0:   00000000192e7f60 0000000090000021
0x0000000004b4f4f0:   0000000000000004 0000000004b87990
0x0000000004b4f500:   00000000192e7f60 0000000090000021
0x0000000004b4f510:   0000000004d4835d 0000000004d57f74
0x0000000004b4f520:   00000000000002b0 00000000192e7f60
0x0000000004b4f530:   0000000090000021 0000000004c40800
0x0000000004b4f540:   0000000004b4f648 0000000004d57ca2
0x0000000004b4f550:   0000000004b4f550 00000000192e7f60
0x0000000004b4f560:   0000000004b4f5b0 00000000192e87d8
0x0000000004b4f570:   0000000000000000 00000000192e7f60
0x0000000004b4f580:   0000000000000000 0000000004b4f5b0 

Instructions: (pc=0x0000000004bb4e2f)
0x0000000004bb4e0f:   cc 48 89 5c 24 08 48 89 74 24 10 57 48 83 ec 40
0x0000000004bb4e1f:   48 8d 81 b0 02 00 00 49 8b f8 48 8b f2 48 89 02
0x0000000004bb4e2f:   83 b9 c0 02 00 00 00 48 8b d9 48 89 44 24 30 4c
0x0000000004bb4e3f:   89 44 24 38 74 43 83 b9 d0 02 00 00 00 75 1c e8 


Register to memory mapping:

RAX=0x00000000000002b0 is an unknown value
RBX={method} {0x00000000192e7f68} 'readPacket' '()[B' in 'SimplePacketDriver'
RCX=0x0000000000000000 is an unknown value
RDX=0x0000000004b4f520 is pointing into the stack for thread: 0x0000000004c40800
RSP=0x0000000004b4f490 is pointing into the stack for thread: 0x0000000004c40800
RBP=0x0000000004b4f590 is pointing into the stack for thread: 0x0000000004c40800
RSI=0x0000000004b4f520 is pointing into the stack for thread: 0x0000000004c40800
RDI=0x0000000004b4f530 is pointing into the stack for thread: 0x0000000004c40800
R8 =0x0000000004b4f530 is pointing into the stack for thread: 0x0000000004c40800
R9 =0x000000001bba7230 is an unknown value
R10=0x0000000000000000 is an unknown value
R11=0x0000000000000246 is an unknown value
R12=0x0000000000000000 is an unknown value
R13={method} {0x00000000192e7f68} 'readPacket' '()[B' in 'SimplePacketDriver'
R14=0x0000000004b4f5b0 is pointing into the stack for thread: 0x0000000004c40800
R15=0x0000000004c40800 is a thread


Stack: [0x0000000004a50000,0x0000000004b50000],  sp=0x0000000004b4f490,  free space=1021k
Native frames: (J=compiled Java code, j=interpreted, Vv=VM code, C=native code)
C  [wpcap.dll+0x24e2f]
C  [SimplePacketDriver_x64.dll+0x11c9]
C  0x0000000004d57f74

Java frames: (J=compiled Java code, j=interpreted, Vv=VM code)
j  SimplePacketDriver.readPacket()[B+0
j  SherlockIDS.getPacket()[B+16
j  SherlockIDS.Investigate()V+159
j  Main.main([Ljava/lang/String;)V+113
v  ~StubRoutines::call_stub

---------------  P R O C E S S  ---------------

Java Threads: ( => current thread )
  0x000000001b43a000 JavaThread "Service Thread" daemon [_thread_blocked, id=14176, stack(0x000000001b800000,0x000000001b900000)]
  0x00000000198d4000 JavaThread "C1 CompilerThread2" daemon [_thread_blocked, id=9344, stack(0x000000001b300000,0x000000001b400000)]
  0x0000000019883800 JavaThread "C2 CompilerThread1" daemon [_thread_blocked, id=3060, stack(0x000000001b200000,0x000000001b300000)]
  0x0000000019880800 JavaThread "C2 CompilerThread0" daemon [_thread_blocked, id=9712, stack(0x000000001b100000,0x000000001b200000)]
  0x000000001987e800 JavaThread "Attach Listener" daemon [_thread_blocked, id=12636, stack(0x000000001b000000,0x000000001b100000)]
  0x000000001987d000 JavaThread "Signal Dispatcher" daemon [_thread_blocked, id=1864, stack(0x000000001af00000,0x000000001b000000)]
  0x000000001986a800 JavaThread "Finalizer" daemon [_thread_blocked, id=15552, stack(0x000000001ab10000,0x000000001ac10000)]
  0x0000000004d30800 JavaThread "Reference Handler" daemon [_thread_blocked, id=15700, stack(0x000000001aa10000,0x000000001ab10000)]
=>0x0000000004c40800 JavaThread "main" [_thread_in_native, id=12700, stack(0x0000000004a50000,0x0000000004b50000)]

Other Threads:
  0x0000000019848800 VMThread [stack: 0x000000001a910000,0x000000001aa10000] [id=12032]
  0x000000001b43e800 WatcherThread [stack: 0x000000001b900000,0x000000001ba00000] [id=16216]

VM state:not at safepoint (normal execution)

VM Mutex/Monitor currently owned by a thread: None

Heap:
 PSYoungGen      total 38400K, used 2000K [0x00000000d5e00000, 0x00000000d8880000, 0x0000000100000000)
  eden space 33280K, 6% used [0x00000000d5e00000,0x00000000d5ff4180,0x00000000d7e80000)
  from space 5120K, 0% used [0x00000000d8380000,0x00000000d8380000,0x00000000d8880000)
  to   space 5120K, 0% used [0x00000000d7e80000,0x00000000d7e80000,0x00000000d8380000)
 ParOldGen       total 87552K, used 0K [0x0000000081a00000, 0x0000000086f80000, 0x00000000d5e00000)
  object space 87552K, 0% used [0x0000000081a00000,0x0000000081a00000,0x0000000086f80000)
 Metaspace       used 2669K, capacity 4600K, committed 4864K, reserved 1056768K
  class space    used 300K, capacity 424K, committed 512K, reserved 1048576K

Card table byte_map: [0x0000000014100000,0x0000000014500000] byte_map_base: 0x0000000013cf3000

Marking Bits: (ParMarkBitMap*) 0x000000006448d850
 Begin Bits: [0x0000000014bb0000, 0x0000000016b48000)
 End Bits:   [0x0000000016b48000, 0x0000000018ae0000)

Polling page: 0x00000000031d0000

CodeCache: size=245760Kb used=1145Kb max_used=1147Kb free=244614Kb
 bounds [0x0000000004d40000, 0x0000000004fb0000, 0x0000000013d40000]
 total_blobs=290 nmethods=57 adapters=147
 compilation: enabled

Compilation events (10 events):
Event: 0.668 Thread 0x00000000198d4000   53       3       java.nio.charset.CoderResult::isUnderflow (13 bytes)
Event: 0.668 Thread 0x00000000198d4000 nmethod 53 0x0000000004e5d290 code [0x0000000004e5d3e0, 0x0000000004e5d590]
Event: 0.669 Thread 0x00000000198d4000   54       3       java.nio.ByteBuffer::array (35 bytes)
Event: 0.669 Thread 0x00000000198d4000 nmethod 54 0x0000000004e5cd50 code [0x0000000004e5cee0, 0x0000000004e5d198]
Event: 0.669 Thread 0x00000000198d4000   55       3       java.io.BufferedWriter::ensureOpen (18 bytes)
Event: 0.669 Thread 0x00000000198d4000 nmethod 55 0x0000000004e5c8d0 code [0x0000000004e5ca40, 0x0000000004e5cc68]
Event: 0.669 Thread 0x00000000198d4000   57       3       java.io.PrintStream::ensureOpen (18 bytes)
Event: 0.670 Thread 0x00000000198d4000 nmethod 57 0x0000000004e5c450 code [0x0000000004e5c5c0, 0x0000000004e5c7e8]
Event: 0.670 Thread 0x00000000198d4000   56       1       sun.nio.cs.StreamEncoder::isOpen (5 bytes)
Event: 0.670 Thread 0x00000000198d4000 nmethod 56 0x0000000004e5c190 code [0x0000000004e5c2e0, 0x0000000004e5c3f0]

GC Heap History (0 events):
No events

Deoptimization events (0 events):
No events

Internal exceptions (2 events):
Event: 0.074 Thread 0x0000000004c40800 Exception <a 'java/lang/NoSuchMethodError': Method sun.misc.Unsafe.defineClass(Ljava/lang/String;[BII)Ljava/lang/Class; name or signature does not match> (0x00000000d5e07ca8) thrown at [C:\re\workspace\8-2-build-windows-amd64-cygwin\jdk8u144\9417\hotspot\
Event: 0.074 Thread 0x0000000004c40800 Exception <a 'java/lang/NoSuchMethodError': Method sun.misc.Unsafe.prefetchRead(Ljava/lang/Object;J)V name or signature does not match> (0x00000000d5e07f90) thrown at [C:\re\workspace\8-2-build-windows-amd64-cygwin\jdk8u144\9417\hotspot\src\share\vm\prims

Events (10 events):
Event: 0.696 loading class java/util/Queue done
Event: 0.696 loading class java/util/AbstractQueue
Event: 0.701 loading class java/util/AbstractQueue done
Event: 0.701 loading class java/util/concurrent/ConcurrentLinkedQueue done
Event: 0.701 loading class java/util/concurrent/ConcurrentLinkedQueue$Node
Event: 0.701 loading class java/util/concurrent/ConcurrentLinkedQueue$Node done
Event: 0.701 loading class FragmentAdministrator
Event: 0.701 loading class FragmentAdministrator done
Event: 0.702 loading class java/io/FileWriter
Event: 0.702 loading class java/io/FileWriter done


Dynamic libraries:
0x00007ff6adff0000 - 0x00007ff6ae027000 	C:\ProgramData\Oracle\Java\javapath\java.exe
0x00007ffa1b6a0000 - 0x00007ffa1b880000 	C:\WINDOWS\SYSTEM32\ntdll.dll
0x00007ffa18db0000 - 0x00007ffa18e5e000 	C:\WINDOWS\System32\KERNEL32.DLL
0x00007ffa18900000 - 0x00007ffa18b66000 	C:\WINDOWS\System32\KERNELBASE.dll
0x00007ffa1ad10000 - 0x00007ffa1adb1000 	C:\WINDOWS\System32\ADVAPI32.dll
0x00007ffa1ab20000 - 0x00007ffa1abbd000 	C:\WINDOWS\System32\msvcrt.dll
0x00007ffa18e60000 - 0x00007ffa18ebb000 	C:\WINDOWS\System32\sechost.dll
0x00007ffa18b70000 - 0x00007ffa18c8f000 	C:\WINDOWS\System32\RPCRT4.dll
0x00007ffa18ec0000 - 0x00007ffa1904f000 	C:\WINDOWS\System32\USER32.dll
0x00007ffa184f0000 - 0x00007ffa18510000 	C:\WINDOWS\System32\win32u.dll
0x00007ffa1aaf0000 - 0x00007ffa1ab18000 	C:\WINDOWS\System32\GDI32.dll
0x00007ffa17aa0000 - 0x00007ffa17c33000 	C:\WINDOWS\System32\gdi32full.dll
0x00007ffa18560000 - 0x00007ffa185fb000 	C:\WINDOWS\System32\msvcp_win.dll
0x00007ffa183f0000 - 0x00007ffa184e6000 	C:\WINDOWS\System32\ucrtbase.dll
0x00007ffa0ece0000 - 0x00007ffa0ef49000 	C:\WINDOWS\WinSxS\amd64_microsoft.windows.common-controls_6595b64144ccf1df_6.0.16299.371_none_15c7d1789365a290\COMCTL32.dll
0x00007ffa19300000 - 0x00007ffa19608000 	C:\WINDOWS\System32\combase.dll
0x00007ffa18880000 - 0x00007ffa188f2000 	C:\WINDOWS\System32\bcryptPrimitives.dll
0x00007ffa18c90000 - 0x00007ffa18cbd000 	C:\WINDOWS\System32\IMM32.DLL
0x0000000064510000 - 0x00000000645e2000 	C:\Program Files\Java\jre1.8.0_144\bin\msvcr100.dll
0x0000000063c70000 - 0x000000006450d000 	C:\Program Files\Java\jre1.8.0_144\bin\server\jvm.dll
0x00007ffa18d20000 - 0x00007ffa18d28000 	C:\WINDOWS\System32\PSAPI.DLL
0x00007ffa16a00000 - 0x00007ffa16a09000 	C:\WINDOWS\SYSTEM32\WSOCK32.dll
0x00007ffa1aa80000 - 0x00007ffa1aaec000 	C:\WINDOWS\System32\WS2_32.dll
0x00007ffa128c0000 - 0x00007ffa128e3000 	C:\WINDOWS\SYSTEM32\WINMM.dll
0x00007ffa127e0000 - 0x00007ffa127ea000 	C:\WINDOWS\SYSTEM32\VERSION.dll
0x00007ffa127b0000 - 0x00007ffa127da000 	C:\WINDOWS\SYSTEM32\WINMMBASE.dll
0x00007ffa18510000 - 0x00007ffa1855a000 	C:\WINDOWS\System32\cfgmgr32.dll
0x0000000063c60000 - 0x0000000063c6f000 	C:\Program Files\Java\jre1.8.0_144\bin\verify.dll
0x0000000063c30000 - 0x0000000063c59000 	C:\Program Files\Java\jre1.8.0_144\bin\java.dll
0x0000000063c10000 - 0x0000000063c26000 	C:\Program Files\Java\jre1.8.0_144\bin\zip.dll
0x00007ffa19630000 - 0x00007ffa1aa66000 	C:\WINDOWS\System32\SHELL32.dll
0x00007ffa1b3f0000 - 0x00007ffa1b496000 	C:\WINDOWS\System32\shcore.dll
0x00007ffa17ca0000 - 0x00007ffa183e7000 	C:\WINDOWS\System32\windows.storage.dll
0x00007ffa18cc0000 - 0x00007ffa18d11000 	C:\WINDOWS\System32\shlwapi.dll
0x00007ffa17a10000 - 0x00007ffa17a21000 	C:\WINDOWS\System32\kernel.appcore.dll
0x00007ffa17a50000 - 0x00007ffa17a9c000 	C:\WINDOWS\System32\powrprof.dll
0x00007ffa179f0000 - 0x00007ffa17a0b000 	C:\WINDOWS\System32\profapi.dll
0x0000000180000000 - 0x0000000180017000 	C:\Users\chris\OneDrive\NetworkSecurity\Project3\IDSFinal\SimplePacketDriver_x64.dll
0x0000000004b90000 - 0x0000000004bf5000 	C:\WINDOWS\SYSTEM32\wpcap.dll
0x0000000003260000 - 0x000000000327f000 	C:\WINDOWS\SYSTEM32\packet.dll
0x00007ffa16fb0000 - 0x00007ffa16fe9000 	C:\WINDOWS\SYSTEM32\iphlpapi.dll
0x00007ffa1aa70000 - 0x00007ffa1aa78000 	C:\WINDOWS\System32\NSI.dll
0x00007ffa11540000 - 0x00007ffa11556000 	C:\WINDOWS\SYSTEM32\dhcpcsvc6.DLL
0x00007ffa11520000 - 0x00007ffa1153a000 	C:\WINDOWS\SYSTEM32\dhcpcsvc.DLL
0x00007ffa16810000 - 0x00007ffa169d8000 	C:\WINDOWS\SYSTEM32\dbghelp.dll

VM Arguments:
java_command: Main SampleRules.txt winnuke.dat
java_class_path (initial): .
Launcher Type: SUN_STANDARD

Environment Variables:
PATH=C:\Program Files (x86)\Intel\iCLS Client\;C:\ProgramData\Oracle\Java\javapath;C:\Python27\Lib\site-packages\PyQt4;C:\Program Files\Intel\iCLS Client\;C:\WINDOWS\system32;C:\WINDOWS;C:\WINDOWS\System32\Wbem;C:\WINDOWS\System32\WindowsPowerShell\v1.0\;C:\Python27;C:\Python27\Lib\site-packages;C:\Python27\Scripts;C:\Qt\5.7\mingw53_32\bin;C:\Program Files (x86)\PuTTY\;C:\Users\chris\Documents\ManualScripts;C:\Program Files (x86)\Gpg4win\..\GnuPG\bin;C:\Strawberry\c\bin;C:\Strawberry\perl\site\bin;C:\Strawberry\perl\bin;C:\Program Files\MiKTeX 2.9\miktex\bin\x64\;C:\Program Files\Git LFS;C:\Program Files\Java\jdk1.8.0_144\bin;C:\Program Files\Intel\WiFi\bin\;C:\Program Files\Common Files\Intel\WirelessCommon\;C:\Program Files (x86)\Intel\Intel(R) Management Engine Components\DAL;C:\Program Files\Intel\Intel(R) Management Engine Components\DAL;C:\Program Files (x86)\Intel\Intel(R) Management Engine Components\IPT;C:\Program Files\Intel\Intel(R) Management Engine Components\IPT;C:\HashiCorp\Vagrant\bin;C:\Program Files\Git\cmd;C:\Program Files (x86)\Python3\Scripts\;C:\Program Files (x86)\Python3\;C:\Users\chris\AppData\Local\Microsoft\WindowsApps;C:\Program Files\Microsoft VS Code\bin;C:\texlive\2017\bin\win32;C:\Strawberry\perl\bin;C:\Users\chris\Documents\FabianChanges\latexmk-455\latexmk;C:\Users\chris\AppData\Local\atom\bin;C:\Users\chris\Documents\FabianChanges\BinaryNinja-demo.exe;C:\Program Files (x86)\Nmap;C:\Users\chris\AppData\Local\Keybase\
USERNAME=chris
OS=Windows_NT
PROCESSOR_IDENTIFIER=Intel64 Family 6 Model 78 Stepping 3, GenuineIntel



---------------  S Y S T E M  ---------------

OS: Windows 10.0 , 64 bit Build 16299 (10.0.16299.15)

CPU:total 4 (initial active 4) (2 cores per cpu, 2 threads per core) family 6 model 78 stepping 3, cmov, cx8, fxsr, mmx, sse, sse2, sse3, ssse3, sse4.1, sse4.2, popcnt, avx, avx2, aes, clmul, erms, rtm, 3dnowpref, lzcnt, ht, tsc, tscinvbit, bmi1, bmi2, adx

Memory: 4k page, physical 8276896k(4136348k free), swap 16665504k(9863980k free)

vm_info: Java HotSpot(TM) 64-Bit Server VM (25.144-b01) for windows-amd64 JRE (1.8.0_144-b01), built on Jul 21 2017 21:57:33 by "java_re" with MS VC++ 10.0 (VS2010)

time: Sun Apr 15 14:27:36 2018
elapsed time: 0 seconds (0d 0h 0m 0s)

